<?xml version="1.0" encoding="UTF-8"?>
<!-- Generated by org.testng.reporters.JUnitReportReporter -->
<testsuite hostname="LAPTOP-9UUCLVMI" failures="0" tests="2" name="Java_Stream.Java_stream_coding" time="0.013" errors="0" timestamp="2024-05-02T00:40:54 IST" skipped="0">
  <testcase classname="Java_Stream.Java_stream_coding" name="streamFilter" time="0.003"/>
  <testcase classname="Java_Stream.Java_stream_coding" name="regular" time="0.010"/>
</testsuite> <!-- Java_Stream.Java_stream_coding -->
